<?xml version="1.0" encoding="UTF-8"?>
<!-- Generated by org.testng.reporters.JUnitXMLReporter -->
<testsuite ignored="0" hostname="LAPTOP-AD86P4KH" failures="0" tests="11" name="chromeTest" time="99.839" errors="0" timestamp="2025-02-14T16:33:59 GMT-05:00">
  <testcase classname="testCases.TC01_LaunchApplication" name="testLaunchApplication" time="1.726"/>
  <testcase classname="testCases.TC06_PurchaseAGiftCertificate" name="testPurchaseAGiftCertificate" time="2.277"/>
  <testcase classname="testCases.TC03_AddToCart" name="testAddToCart" time="2.427"/>
  <testcase classname="testCases.TC02_Login" name="testLogin" time="2.718"/>
  <testcase classname="testCases.TC02_Login" name="testLogin" time="3.219"/>
  <testcase classname="testCases.TC02_Login" name="testLogin" time="3.324"/>
  <testcase classname="testCases.TC02_Login" name="testLogin" time="2.991"/>
  <testcase classname="testCases.TC02_Login" name="testLogin" time="3.336"/>
  <testcase classname="testCases.TC05_AddAnItemToWishList" name="testAddToWishList" time="2.206"/>
  <testcase classname="testCases.TC04_CompletePurchase" name="testCompletePurchase" time="48.259">
    <skipped/>
  </testcase> <!-- testCompletePurchase -->
  <testcase classname="testCases.TC04_CompletePurchase" name="testCompletePurchase" time="0.168">
    <skipped/>
  </testcase> <!-- testCompletePurchase -->
</testsuite> <!-- chromeTest -->
