<?xml version="1.0" encoding="UTF-8"?>
<!-- Generated by org.testng.reporters.JUnitXMLReporter -->
<testsuite ignored="0" hostname="LAPTOP-AD86P4KH" failures="0" tests="11" name="edgeTest" time="101.512" errors="0" timestamp="2025-02-14T16:34:00 GMT-05:00">
  <testcase classname="testCases.TC01_LaunchApplication" name="testLaunchApplication" time="0.093"/>
  <testcase classname="testCases.TC06_PurchaseAGiftCertificate" name="testPurchaseAGiftCertificate" time="2.451"/>
  <testcase classname="testCases.TC03_AddToCart" name="testAddToCart" time="2.509"/>
  <testcase classname="testCases.TC02_Login" name="testLogin" time="2.981"/>
  <testcase classname="testCases.TC02_Login" name="testLogin" time="3.506"/>
  <testcase classname="testCases.TC02_Login" name="testLogin" time="3.063"/>
  <testcase classname="testCases.TC02_Login" name="testLogin" time="2.804"/>
  <testcase classname="testCases.TC02_Login" name="testLogin" time="3.048"/>
  <testcase classname="testCases.TC05_AddAnItemToWishList" name="testAddToWishList" time="2.601"/>
  <testcase classname="testCases.TC04_CompletePurchase" name="testCompletePurchase" time="47.658">
    <skipped/>
  </testcase> <!-- testCompletePurchase -->
  <testcase classname="testCases.TC04_CompletePurchase" name="testCompletePurchase" time="0.013">
    <skipped/>
  </testcase> <!-- testCompletePurchase -->
</testsuite> <!-- edgeTest -->
