<?xml version="1.0" encoding="UTF-8"?>
<!-- Generated by org.testng.reporters.JUnitXMLReporter -->
<testsuite ignored="0" hostname="LAPTOP-AD86P4KH" failures="0" tests="11" name="firefoxTest" time="99.35" errors="0" timestamp="2025-02-14T16:33:59 GMT-05:00">
  <testcase classname="testCases.TC01_LaunchApplication" name="testLaunchApplication" time="0.085"/>
  <testcase classname="testCases.TC06_PurchaseAGiftCertificate" name="testPurchaseAGiftCertificate" time="2.098"/>
  <testcase classname="testCases.TC03_AddToCart" name="testAddToCart" time="2.398"/>
  <testcase classname="testCases.TC02_Login" name="testLogin" time="3.132"/>
  <testcase classname="testCases.TC02_Login" name="testLogin" time="3.221"/>
  <testcase classname="testCases.TC02_Login" name="testLogin" time="2.808"/>
  <testcase classname="testCases.TC02_Login" name="testLogin" time="2.681"/>
  <testcase classname="testCases.TC02_Login" name="testLogin" time="2.981"/>
  <testcase classname="testCases.TC05_AddAnItemToWishList" name="testAddToWishList" time="2.234"/>
  <testcase classname="testCases.TC04_CompletePurchase" name="testCompletePurchase" time="32.473">
    <skipped/>
  </testcase> <!-- testCompletePurchase -->
  <testcase classname="testCases.TC04_CompletePurchase" name="testCompletePurchase" time="0.014">
    <skipped/>
  </testcase> <!-- testCompletePurchase -->
</testsuite> <!-- firefoxTest -->
