<?xml version="1.0" encoding="UTF-8"?>
<!-- Generated by org.testng.reporters.JUnitXMLReporter -->
<testsuite ignored="0" hostname="LAPTOP-AD86P4KH" failures="0" tests="2" name="firefoxTest" time="10.536" errors="0" timestamp="2025-02-18T14:34:13 GMT-05:00">
  <testcase classname="testCases.TC01_LaunchApplication" name="testLaunchApplication" time="0.006">
    <skipped/>
  </testcase> <!-- testLaunchApplication -->
  <testcase classname="testCases.TC01_LaunchApplication" name="testLaunchApplication" time="0.001">
    <skipped/>
  </testcase> <!-- testLaunchApplication -->
</testsuite> <!-- firefoxTest -->
